<?xml version="1.0" encoding="UTF-8"?>
<!-- Generated by org.testng.reporters.JUnitReportReporter -->
<testsuite hostname="DESKTOP-DSQS0NB" failures="0" tests="1" name="Assignment.Ass1" time="4.583" errors="0" timestamp="2022-03-15T16:37:45 IST" skipped="0">
  <testcase classname="Assignment.Ass1" name="Guru99" time="4.583"/>
  <system-out/>
</testsuite> <!-- Assignment.Ass1 -->
