<?xml version="1.0" encoding="UTF-8"?>
<!-- Generated by org.testng.reporters.JUnitReportReporter -->
<testsuite hostname="DESKTOP-DSQS0NB" failures="0" tests="1" name="Assignment.Ass1" time="6.084" errors="0" timestamp="2022-03-15T13:10:12 IST" skipped="0">
  <testcase classname="Assignment.Ass1" name="Guru99" time="6.084"/>
  <system-out/>
</testsuite> <!-- Assignment.Ass1 -->
