<?xml version="1.0" encoding="UTF-8"?>
<!-- Generated by org.testng.reporters.JUnitReportReporter -->
<testsuite hostname="DESKTOP-DSQS0NB" failures="0" tests="1" name="com.assigment.tests.Ass1Test" time="4.463" errors="0" timestamp="2022-03-16T14:06:17 IST" skipped="0">
  <testcase classname="com.assigment.tests.Ass1Test" name="Guru99" time="4.463"/>
  <system-out/>
</testsuite> <!-- com.assigment.tests.Ass1Test -->
